[22:22:17] [ServerMain/INFO]: Environment: Environment[sessionHost=https://sessionserver.mojang.com, servicesHost=https://api.minecraftservices.com, name=PROD]
[22:22:19] [ServerMain/INFO]: No existing world data, creating new world
[22:22:20] [ServerMain/INFO]: Loaded 1290 recipes
[22:22:21] [ServerMain/INFO]: Loaded 1399 advancements
[22:22:21] [Server thread/INFO]: Starting minecraft server version 1.21
[22:22:21] [Server thread/INFO]: Loading properties
[22:22:21] [Server thread/INFO]: Default game type: SURVIVAL
[22:22:21] [Server thread/INFO]: Generating keypair
[22:22:21] [Server thread/INFO]: Starting Minecraft server on *:25565
[22:22:22] [Server thread/INFO]: Using epoll channel type
[22:22:22] [Server thread/WARN]: **** SERVER IS RUNNING IN OFFLINE/INSECURE MODE!
[22:22:22] [Server thread/WARN]: The server will make no attempt to authenticate usernames. Beware.
[22:22:22] [Server thread/WARN]: While this makes the game possible to play without internet access, it also opens up the ability for hackers to connect with any username they choose.
[22:22:22] [Server thread/WARN]: To change this, set "online-mode" to "true" in the server.properties file.
[22:22:22] [Server thread/INFO]: Preparing level "CHE HIJO DALE TIRATE OLLIE"
[22:22:37] [Server thread/INFO]: Preparing start region for dimension minecraft:overworld
[22:22:37] [Worker-Main-1/INFO]: Preparing spawn area: 2%
[22:22:38] [Worker-Main-1/INFO]: Preparing spawn area: 2%
[22:22:38] [Worker-Main-1/INFO]: Preparing spawn area: 2%
[22:22:39] [Worker-Main-1/INFO]: Preparing spawn area: 2%
[22:22:39] [Worker-Main-1/INFO]: Preparing spawn area: 2%
[22:22:40] [Worker-Main-1/INFO]: Preparing spawn area: 2%
[22:22:40] [Worker-Main-1/INFO]: Preparing spawn area: 2%
[22:22:40] [Worker-Main-1/INFO]: Preparing spawn area: 2%
[22:22:41] [Worker-Main-1/INFO]: Preparing spawn area: 2%
[22:22:42] [Worker-Main-1/INFO]: Preparing spawn area: 2%
[22:22:42] [Worker-Main-1/INFO]: Preparing spawn area: 2%
[22:22:42] [Worker-Main-1/INFO]: Preparing spawn area: 2%
[22:22:43] [Worker-Main-1/INFO]: Preparing spawn area: 2%
[22:22:44] [Worker-Main-1/INFO]: Preparing spawn area: 2%
[22:22:44] [Worker-Main-1/INFO]: Preparing spawn area: 2%
[22:22:44] [Worker-Main-1/INFO]: Preparing spawn area: 2%
[22:22:45] [Worker-Main-1/INFO]: Preparing spawn area: 2%
[22:22:45] [Worker-Main-1/INFO]: Preparing spawn area: 2%
[22:22:46] [Worker-Main-1/INFO]: Preparing spawn area: 2%
[22:22:46] [Worker-Main-1/INFO]: Preparing spawn area: 2%
[22:22:47] [Worker-Main-1/INFO]: Preparing spawn area: 2%
[22:22:47] [Worker-Main-1/INFO]: Preparing spawn area: 2%
[22:22:48] [Worker-Main-1/INFO]: Preparing spawn area: 2%
[22:22:48] [Worker-Main-1/INFO]: Preparing spawn area: 2%
[22:22:49] [Worker-Main-1/INFO]: Preparing spawn area: 2%
[22:22:50] [Worker-Main-1/INFO]: Preparing spawn area: 2%
[22:22:50] [Worker-Main-1/INFO]: Preparing spawn area: 2%
[22:22:50] [Worker-Main-1/INFO]: Preparing spawn area: 2%
[22:22:51] [Worker-Main-1/INFO]: Preparing spawn area: 2%
[22:22:51] [Worker-Main-1/INFO]: Preparing spawn area: 44%
[22:22:52] [Server thread/INFO]: Time elapsed: 15009 ms
[22:22:52] [Server thread/INFO]: Done (30.405s)! For help, type "help"
[22:24:55] [Server thread/INFO]: Unknown or incomplete command, see below for error
[22:24:55] [Server thread/INFO]: close<--[HERE]
[22:24:58] [Server thread/INFO]: Stopping the server
[22:24:58] [Server thread/INFO]: Stopping server
[22:24:58] [Server thread/INFO]: Saving players
[22:24:58] [Server thread/INFO]: Saving worlds
[22:24:59] [Server thread/INFO]: Saving chunks for level 'ServerLevel[CHE HIJO DALE TIRATE OLLIE]'/minecraft:overworld
[22:25:16] [Server thread/INFO]: Saving chunks for level 'ServerLevel[CHE HIJO DALE TIRATE OLLIE]'/minecraft:the_end
[22:25:16] [Server thread/INFO]: Saving chunks for level 'ServerLevel[CHE HIJO DALE TIRATE OLLIE]'/minecraft:the_nether
[22:25:16] [Server thread/INFO]: ThreadedAnvilChunkStorage (CHE HIJO DALE TIRATE OLLIE): All chunks are saved
[22:25:16] [Server thread/INFO]: ThreadedAnvilChunkStorage (DIM1): All chunks are saved
[22:25:16] [Server thread/INFO]: ThreadedAnvilChunkStorage (DIM-1): All chunks are saved
[22:25:16] [Server thread/INFO]: ThreadedAnvilChunkStorage: All dimensions are saved
